##### NEW COMMAND
/usr/local/bin/wget -O /Users/satoshi/Desktop/fc/Boost-for-Android-SRC/boost_1_55_0.tar.bz2 http://downloads.sourceforge.net/project/boost/boost/1.55.0/boost_1_55_0.tar.bz2?r=http%3A%2F%2Fsourceforge.net%2Fprojects%2Fboost%2Ffiles%2Fboost%2F1.55.0%2F&ts=1291326673&use_mirror=garr
--2016-05-16 15:28:53--  http://downloads.sourceforge.net/project/boost/boost/1.55.0/boost_1_55_0.tar.bz2?r=http%3A%2F%2Fsourceforge.net%2Fprojects%2Fboost%2Ffiles%2Fboost%2F1.55.0%2F&ts=1291326673&use_mirror=garr
Resolving downloads.sourceforge.net... 216.34.181.59
Connecting to downloads.sourceforge.net|216.34.181.59|:80... connected.
HTTP request sent, awaiting response... 302 Found
Location: http://iweb.dl.sourceforge.net/project/boost/boost/1.55.0/boost_1_55_0.tar.bz2 [following]
--2016-05-16 15:28:54--  http://iweb.dl.sourceforge.net/project/boost/boost/1.55.0/boost_1_55_0.tar.bz2
Resolving iweb.dl.sourceforge.net... 70.38.0.134, 2607:f748:10:12::5f:2
Connecting to iweb.dl.sourceforge.net|70.38.0.134|:80... connected.
HTTP request sent, awaiting response... 200 OK
Length: 58146647 (55M) [application/octet-stream]
Saving to: '/Users/satoshi/Desktop/fc/Boost-for-Android-SRC/boost_1_55_0.tar.bz2'

     0K .......... .......... .......... .......... ..........  0%  124K 7m38s
    50K .......... .......... .......... .......... ..........  0%  454K 4m51s
   100K .......... .......... .......... .......... ..........  0%  452K 3m56s
   150K .......... .......... .......... .......... ..........  0%  486K 3m26s
   200K .......... .......... .......... .......... ..........  0% 2.24M 2m49s
   250K .......... .......... .......... .......... ..........  0%  630K 2m36s
   300K .......... .......... .......... .......... ..........  0% 1.22M 2m20s
   350K .......... .......... .......... .......... ..........  0%  856K 2m11s
   400K .......... .......... .......... .......... ..........  0% 78.1K 3m16s
   450K .......... .......... .......... .......... ..........  0% 45.5M 2m57s
   500K .......... .......... .......... .......... ..........  0%  176M 2m40s
   550K .......... .......... .......... .......... ..........  1%  174M 2m27s
   600K .......... .......... .......... .......... ..........  1%  144M 2m16s
   650K .......... .......... .......... .......... ..........  1% 83.3K 2m54s
   700K .......... .......... .......... .......... ..........  1%  435K 2m51s
   750K .......... .......... .......... .......... ..........  1%  483K 2m47s
   800K .......... .......... .......... .......... ..........  1%  498K 2m44s
   850K .......... .......... .......... .......... ..........  1%  645K 2m39s
   900K .......... .......... .......... .......... ..........  1% 1.12M 2m33s
   950K .......... .......... .......... .......... ..........  1%  537K 2m31s
  1000K .......... .......... .......... .......... ..........  1%  635K 2m28s
  1050K .......... .......... .......... .......... ..........  1% 60.6K 3m3s
  1100K .......... .......... .......... .......... ..........  2%  198M 2m55s
  1150K .......... .......... .......... .......... ..........  2%  125M 2m47s
  1200K .......... .......... .......... .......... ..........  2%  149M 2m40s
  1250K .......... .......... .......... .......... ..........  2%  126K 2m51s
  1300K .......... .......... .......... .......... ..........  2%  239K 2m53s
  1350K .......... .......... .......... .......... ..........  2%  476K 2m51s
  1400K .......... .......... .......... .......... ..........  2% 2.79M 2m45s
  1450K .......... .......... .......... .......... ..........  2%  493K 2m44s
  1500K .......... .......... .......... .......... ..........  2%  480K 2m42s
  1550K .......... .......... .......... .......... ..........  2%  497K 2m40s
  1600K .......... .......... .......... .......... ..........  2%  629K 2m38s
  1650K .......... .......... .......... .......... ..........  2%  531K 2m36s
  1700K .......... .......... .......... .......... ..........  3%  512K 2m34s
  1750K .......... .......... .......... .......... ..........  3%  530K 2m33s
  1800K .......... .......... .......... .......... ..........  3% 1.87M 2m29s
  1850K .......... .......... .......... .......... ..........  3%  481K 2m28s
  1900K .......... .......... .......... .......... ..........  3%  412K 2m28s
  1950K .......... .......... .......... .......... ..........  3%  826K 2m26s
  2000K .......... .......... .......... .......... ..........  3%  564K 2m24s
  2050K .......... .......... .......... .......... ..........  3%  752K 2m23s
  2100K .......... .......... .......... .......... ..........  3%  481K 2m22s
  2150K .......... .......... .......... .......... ..........  3%  560K 2m21s
  2200K .......... .......... .......... .......... ..........  3% 1.05M 2m18s
  2250K .......... .......... .......... .......... ..........  4%  516K 2m18s
  2300K .......... .......... .......... .......... ..........  4%  568K 2m17s
  2350K .......... .......... .......... .......... ..........  4%  487K 2m16s
  2400K .......... .......... .......... .......... ..........  4%  508K 2m15s
  2450K .......... .......... .......... .......... ..........  4%  495K 2m15s
  2500K .......... .......... .......... .......... ..........  4% 3.64M 2m12s
  2550K .......... .......... .......... .......... ..........  4%  481K 2m12s
  2600K .......... .......... .......... .......... ..........  4% 61.2K 2m26s
  2650K .......... .......... .......... .......... ..........  4%  101M 2m23s
  2700K .......... .......... .......... .......... ..........  4% 88.5M 2m20s
  2750K .......... .......... .......... .......... ..........  4%  182M 2m18s
  2800K .......... .......... .......... .......... ..........  5%  125K 2m23s
  2850K .......... .......... .......... .......... ..........  5%  239K 2m24s
  2900K .......... .......... .......... .......... ..........  5%  481K 2m23s
  2950K .......... .......... .......... .......... ..........  5%  479K 2m23s
  3000K .......... .......... .......... .......... ..........  5%  468K 2m22s
  3050K .......... .......... .......... .......... ..........  5%  237K 2m23s
  3100K .......... .......... .......... .......... ..........  5%  497K 2m23s
  3150K .......... .......... .......... .......... ..........  5%  429K 2m22s
  3200K .......... .......... .......... .......... ..........  5%  572K 2m21s
  3250K .......... .......... .......... .......... ..........  5%  401K 2m21s
  3300K .......... .......... .......... .......... ..........  5%  474K 2m20s
  3350K .......... .......... .......... .......... ..........  5%  314K 2m21s
  3400K .......... .......... .......... .......... ..........  6%  476K 2m20s
  3450K .......... .......... .......... .......... ..........  6%  500K 2m20s
  3500K .......... .......... .......... .......... ..........  6% 1.00M 2m18s
  3550K .......... .......... .......... .......... ..........  6%  287K 2m19s
  3600K .......... .......... .......... .......... ..........  6%  490K 2m18s
  3650K .......... .......... .......... .......... ..........  6%  466K 2m18s
  3700K .......... .......... .......... .......... ..........  6%  469K 2m17s
  3750K .......... .......... .......... .......... ..........  6%  490K 2m17s
  3800K .......... .......... .......... .......... ..........  6%  440K 2m16s
  3850K .......... .......... .......... .......... ..........  6%  490K 2m16s
  3900K .......... .......... .......... .......... ..........  6%  496K 2m15s
  3950K .......... .......... .......... .......... ..........  7%  488K 2m15s
  4000K .......... .......... .......... .......... ..........  7%  282K 2m15s
  4050K .......... .......... .......... .......... ..........  7%  479K 2m15s
  4100K .......... .......... .......... .......... ..........  7%  492K 2m15s
  4150K .......... .......... .......... .......... ..........  7%  529K 2m14s
  4200K .......... .......... .......... .......... ..........  7%  494K 2m14s
  4250K .......... .......... .......... .......... ..........  7%  486K 2m13s
  4300K .......... .......... .......... .......... ..........  7%  478K 2m13s
  4350K .......... .......... .......... .......... ..........  7%  507K 2m12s
  4400K .......... .......... .......... .......... ..........  7% 2.83M 2m11s
  4450K .......... .......... .......... .......... ..........  7%  481K 2m11s
  4500K .......... .......... .......... .......... ..........  8%  460K 2m10s
  4550K .......... .......... .......... .......... ..........  8%  535K 2m10s
  4600K .......... .......... .......... .......... ..........  8% 1.56M 2m9s
  4650K .......... .......... .......... .......... ..........  8%  503K 2m8s
  4700K .......... .......... .......... .......... ..........  8%  524K 2m8s
  4750K .......... .......... .......... .......... ..........  8%  617K 2m7s
  4800K .......... .......... .......... .......... ..........  8%  512K 2m7s
  4850K .......... .......... .......... .......... ..........  8% 2.01M 2m6s
  4900K .......... .......... .......... .......... ..........  8%  578K 2m5s
  4950K .......... .......... .......... .......... ..........  8%  514K 2m5s
  5000K .......... .......... .......... .......... ..........  8% 3.02M 2m4s
  5050K .......... .......... .......... .......... ..........  8%  551K 2m3s
  5100K .......... .......... .......... .......... ..........  9% 2.09M 2m2s
  5150K .......... .......... .......... .......... ..........  9%  508K 2m2s
  5200K .......... .......... .......... .......... ..........  9%  663K 2m1s
  5250K .......... .......... .......... .......... ..........  9% 1.76M 2m0s
  5300K .......... .......... .......... .......... ..........  9%  606K 2m0s
  5350K .......... .......... .......... .......... ..........  9%  503K 2m0s
  5400K .......... .......... .......... .......... ..........  9% 3.37M 1m58s
  5450K .......... .......... .......... .......... ..........  9%  580K 1m58s
  5500K .......... .......... .......... .......... ..........  9% 2.08M 1m57s
  5550K .......... .......... .......... .......... ..........  9% 4.22M 1m56s
  5600K .......... .......... .......... .......... ..........  9%  533K 1m56s
  5650K .......... .......... .......... .......... .......... 10% 3.56M 1m55s
  5700K .......... .......... .......... .......... .......... 10%  512K 1m55s
  5750K .......... .......... .......... .......... .......... 10%  949K 1m54s
  5800K .......... .......... .......... .......... .......... 10% 1.03M 1m53s
  5850K .......... .......... .......... .......... .......... 10% 2.70M 1m52s
  5900K .......... .......... .......... .......... .......... 10%  825K 1m52s
  5950K .......... .......... .......... .......... .......... 10% 1.11M 1m51s
  6000K .......... .......... .......... .......... .......... 10% 1.38M 1m50s
  6050K .......... .......... .......... .......... .......... 10% 1.02M 1m50s
  6100K .......... .......... .......... .......... .......... 10% 1.33M 1m49s
  6150K .......... .......... .......... .......... .......... 10%  846K 1m49s
  6200K .......... .......... .......... .......... .......... 11% 2.58M 1m48s
  6250K .......... .......... .......... .......... .......... 11% 1.35M 1m47s
  6300K .......... .......... .......... .......... .......... 11%  953K 1m47s
  6350K .......... .......... .......... .......... .......... 11% 1.30M 1m46s
  6400K .......... .......... .......... .......... .......... 11% 1.51M 1m45s
  6450K .......... .......... .......... .......... .......... 11% 1.05M 1m45s
  6500K .......... .......... .......... .......... .......... 11% 1.32M 1m44s
  6550K .......... .......... .......... .......... .......... 11% 1.11M 1m43s
  6600K .......... .......... .......... .......... .......... 11% 1.83M 1m43s
  6650K .......... .......... .......... .......... .......... 11% 1.06M 1m42s
  6700K .......... .......... .......... .......... .......... 11% 2.77M 1m42s
  6750K .......... .......... .......... .......... .......... 11% 1.23M 1m41s
  6800K .......... .......... .......... .......... .......... 12% 1.10M 1m40s
  6850K .......... .......... .......... .......... .......... 12% 1.51M 1m40s
  6900K .......... .......... .......... .......... .......... 12%  980K 99s
  6950K .......... .......... .......... .......... .......... 12% 5.10M 99s
  7000K .......... .......... .......... .......... .......... 12% 1.19M 98s
  7050K .......... .......... .......... .......... .......... 12% 2.00M 98s
  7100K .......... .......... .......... .......... .......... 12% 1.13M 97s
  7150K .......... .......... .......... .......... .......... 12% 73.2K 1m41s
  7200K .......... .......... .......... .......... .......... 12%  221M 1m40s
  7250K .......... .......... .......... .......... .......... 12%  507K 1m40s
  7300K .......... .......... .......... .......... .......... 12%  184M 99s
  7350K .......... .......... .......... .......... .......... 13%  166M 99s
  7400K .......... .......... .......... .......... .......... 13%  193M 98s
  7450K .......... .......... .......... .......... .......... 13%  162K 99s
  7500K .......... .......... .......... .......... .......... 13%  166K 1m40s
  7550K .......... .......... .......... .......... .......... 13%  474K 1m40s
  7600K .......... .......... .......... .......... .......... 13%  449K 1m40s
  7650K .......... .......... .......... .......... .......... 13% 3.48M 1m40s
  7700K .......... .......... .......... .......... .......... 13%  507K 99s
  7750K .......... .......... .......... .......... .......... 13%  538K 99s
  7800K .......... .......... .......... .......... .......... 13%  647K 99s
  7850K .......... .......... .......... .......... .......... 13%  513K 99s
  7900K .......... .......... .......... .......... .......... 14% 1.16M 98s
  7950K .......... .......... .......... .......... .......... 14%  538K 98s
  8000K .......... .......... .......... .......... .......... 14%  508K 98s
  8050K .......... .......... .......... .......... .......... 14%  762K 98s
  8100K .......... .......... .......... .......... .......... 14%  889K 97s
  8150K .......... .......... .......... .......... .......... 14%  546K 97s
  8200K .......... .......... .......... .......... .......... 14%  622K 97s
  8250K .......... .......... .......... .......... .......... 14%  661K 97s
  8300K .......... .......... .......... .......... .......... 14%  511K 97s
  8350K .......... .......... .......... .......... .......... 14%  939K 96s
  8400K .......... .......... .......... .......... .......... 14%  843K 96s
  8450K .......... .......... .......... .......... .......... 14%  525K 96s
  8500K .......... .......... .......... .......... .......... 15% 1.41M 95s
  8550K .......... .......... .......... .......... .......... 15%  510K 95s
  8600K .......... .......... .......... .......... .......... 15%  671K 95s
  8650K .......... .......... .......... .......... .......... 15%  515K 95s
  8700K .......... .......... .......... .......... .......... 15%  521K 95s
  8750K .......... .......... .......... .......... .......... 15% 1.61M 94s
  8800K .......... .......... .......... .......... .......... 15%  598K 94s
  8850K .......... .......... .......... .......... .......... 15%  490K 94s
  8900K .......... .......... .......... .......... .......... 15%  532K 94s
  8950K .......... .......... .......... .......... .......... 15% 1.70M 94s
  9000K .......... .......... .......... .......... .......... 15%  516K 93s
  9050K .......... .......... .......... .......... .......... 16%  576K 93s
  9100K .......... .......... .......... .......... .......... 16% 1.68M 93s
  9150K .......... .......... .......... .......... .......... 16%  532K 93s
  9200K .......... .......... .......... .......... .......... 16%  478K 93s
  9250K .......... .......... .......... .......... .......... 16%  788K 92s
  9300K .......... .......... .......... .......... .......... 16%  701K 92s
  9350K .......... .......... .......... .......... .......... 16%  775K 92s
  9400K .......... .......... .......... .......... .......... 16%  709K 92s
  9450K .......... .......... .......... .......... .......... 16%  814K 91s
  9500K .......... .......... .......... .......... .......... 16%  695K 91s
  9550K .......... .......... .......... .......... .......... 16%  538K 91s
  9600K .......... .......... .......... .......... .......... 16%  960K 91s
  9650K .......... .......... .......... .......... .......... 17%  607K 91s
  9700K .......... .......... .......... .......... .......... 17% 1.49M 90s
  9750K .......... .......... .......... .......... .......... 17%  681K 90s
  9800K .......... .......... .......... .......... .......... 17%  899K 90s
  9850K .......... .......... .......... .......... .......... 17%  986K 89s
  9900K .......... .......... .......... .......... .......... 17%  828K 89s
  9950K .......... .......... .......... .......... .......... 17%  638K 89s
 10000K .......... .......... .......... .......... .......... 17% 1.44M 89s
 10050K .......... .......... .......... .......... .......... 17%  359K 89s
 10100K .......... .......... .......... .......... .......... 17% 51.9K 93s
 10150K .......... .......... .......... .......... .......... 17%  519K 92s
 10200K .......... .......... .......... .......... .......... 18%  178M 92s
 10250K .......... .......... .......... .......... .......... 18%  140M 91s
 10300K .......... .......... .......... .......... .......... 18%  155M 91s
 10350K .......... .......... .......... .......... .......... 18%  100K 93s
 10400K .......... .......... .......... .......... .......... 18%  439K 93s
 10450K .......... .......... .......... .......... .......... 18%  408K 93s
 10500K .......... .......... .......... .......... .......... 18%  483K 92s
 10550K .......... .......... .......... .......... .......... 18%  479K 92s
 10600K .......... .......... .......... .......... .......... 18%  542K 92s
 10650K .......... .......... .......... .......... .......... 18%  473K 92s
 10700K .......... .......... .......... .......... .......... 18%  511K 92s
 10750K .......... .......... .......... .......... .......... 19%  553K 92s
 10800K .......... .......... .......... .......... .......... 19%  429K 92s
 10850K .......... .......... .......... .......... .......... 19%  474K 92s
 10900K .......... .......... .......... .......... .......... 19%  413K 92s
 10950K .......... .......... .......... .......... .......... 19%  529K 92s
 11000K .......... .......... .......... .......... .......... 19%  745K 91s
 11050K .......... .......... .......... .......... .......... 19%  511K 91s
 11100K .......... .......... .......... .......... .......... 19%  478K 91s
 11150K .......... .......... .......... .......... .......... 19%  489K 91s
 11200K .......... .......... .......... .......... .......... 19%  499K 91s
 11250K .......... .......... .......... .......... .......... 19%  508K 91s
 11300K .......... .......... .......... .......... .......... 19%  489K 91s
 11350K .......... .......... .......... .......... .......... 20%  267K 91s
 11400K .......... .......... .......... .......... .......... 20%  501K 91s
 11450K .......... .......... .......... .......... .......... 20% 1.64M 91s
 11500K .......... .......... .......... .......... .......... 20%  499K 90s
 11550K .......... .......... .......... .......... .......... 20%  477K 90s
 11600K .......... .......... .......... .......... .......... 20%  497K 90s
 11650K .......... .......... .......... .......... .......... 20%  416K 90s
 11700K .......... .......... .......... .......... .......... 20%  502K 90s
 11750K .......... .......... .......... .......... .......... 20% 1.78M 90s
 11800K .......... .......... .......... .......... .......... 20%  507K 90s
 11850K .......... .......... .......... .......... .......... 20%  522K 90s
 11900K .......... .......... .......... .......... .......... 21%  508K 89s
 11950K .......... .......... .......... .......... .......... 21%  649K 89s
 12000K .......... .......... .......... .......... .......... 21% 1.09M 89s
 12050K .......... .......... .......... .......... .......... 21%  503K 89s
 12100K .......... .......... .......... .......... .......... 21%  619K 89s
 12150K .......... .......... .......... .......... .......... 21%  635K 89s
 12200K .......... .......... .......... .......... .......... 21%  531K 88s
 12250K .......... .......... .......... .......... .......... 21% 1.03M 88s
 12300K .......... .......... .......... .......... .......... 21%  682K 88s
 12350K .......... .......... .......... .......... .......... 21%  514K 88s
 12400K .......... .......... .......... .......... .......... 21%  578K 88s
 12450K .......... .......... .......... .......... .......... 22% 1.23M 87s
 12500K .......... .......... .......... .......... .......... 22%  719K 87s
 12550K .......... .......... .......... .......... .......... 22% 1.12M 87s
 12600K .......... .......... .......... .......... .......... 22%  757K 87s
 12650K .......... .......... .......... .......... .......... 22%  553K 87s
 12700K .......... .......... .......... .......... .......... 22% 1.19M 86s
 12750K .......... .......... .......... .......... .......... 22%  523K 86s
 12800K .......... .......... .......... .......... .......... 22%  873K 86s
 12850K .......... .......... .......... .......... .......... 22%  935K 86s
 12900K .......... .......... .......... .......... .......... 22%  553K 86s
 12950K .......... .......... .......... .......... .......... 22%  876K 85s
 13000K .......... .......... .......... .......... .......... 22% 1.03M 85s
 13050K .......... .......... .......... .......... .......... 23%  803K 85s
 13100K .......... .......... .......... .......... .......... 23%  569K 85s
 13150K .......... .......... .......... .......... .......... 23% 2.44M 84s
 13200K .......... .......... .......... .......... .......... 23%  619K 84s
 13250K .......... .......... .......... .......... .......... 23% 2.24M 84s
 13300K .......... .......... .......... .......... .......... 23%  638K 84s
 13350K .......... .......... .......... .......... .......... 23%  874K 84s
 13400K .......... .......... .......... .......... .......... 23% 1017K 83s
 13450K .......... .......... .......... .......... .......... 23% 1.07M 83s
 13500K .......... .......... .......... .......... .......... 23% 2.27M 83s
 13550K .......... .......... .......... .......... .......... 23%  880K 82s
 13600K .......... .......... .......... .......... .......... 24%  613K 82s
 13650K .......... .......... .......... .......... .......... 24% 4.11M 82s
 13700K .......... .......... .......... .......... .......... 24% 1.04M 82s
 13750K .......... .......... .......... .......... .......... 24%  908K 81s
 13800K .......... .......... .......... .......... .......... 24% 1.21M 81s
 13850K .......... .......... .......... .......... .......... 24%  802K 81s
 13900K .......... .......... .......... .......... .......... 24% 2.56M 81s
 13950K .......... .......... .......... .......... .......... 24% 1.92M 80s
 14000K .......... .......... .......... .......... .......... 24%  811K 80s
 14050K .......... .......... .......... .......... .......... 24% 1.85M 80s
 14100K .......... .......... .......... .......... .......... 24% 3.40M 80s
 14150K .......... .......... .......... .......... .......... 25%  680K 79s
 14200K .......... .......... .......... .......... .......... 25% 2.71M 79s
 14250K .......... .......... .......... .......... .......... 25%  852K 79s
 14300K .......... .......... .......... .......... .......... 25% 1.24M 79s
 14350K .......... .......... .......... .......... .......... 25% 93.3K 80s
 14400K .......... .......... .......... .......... .......... 25%  505K 80s
 14450K .......... .......... .......... .......... .......... 25%  177M 79s
 14500K .......... .......... .......... .......... .......... 25%  158M 79s
 14550K .......... .......... .......... .......... .......... 25%  229M 79s
 14600K .......... .......... .......... .......... .......... 25%  178M 78s
 14650K .......... .......... .......... .......... .......... 25%  245K 79s
 14700K .......... .......... .......... .......... .......... 25%  164K 79s
 14750K .......... .......... .......... .......... .......... 26%  248K 79s
 14800K .......... .......... .......... .......... .......... 26%  498K 79s
 14850K .......... .......... .......... .......... .......... 26%  549K 79s
 14900K .......... .......... .......... .......... .......... 26% 1.94M 79s
 14950K .......... .......... .......... .......... .......... 26%  434K 79s
 15000K .......... .......... .......... .......... .......... 26%  520K 79s
 15050K .......... .......... .......... .......... .......... 26%  824K 78s
 15100K .......... .......... .......... .......... .......... 26%  881K 78s
 15150K .......... .......... .......... .......... .......... 26%  519K 78s
 15200K .......... .......... .......... .......... .......... 26%  567K 78s
 15250K .......... .......... .......... .......... .......... 26%  773K 78s
 15300K .......... .......... .......... .......... .......... 27%  825K 78s
 15350K .......... .......... .......... .......... .......... 27%  615K 78s
 15400K .......... .......... .......... .......... .......... 27%  536K 78s
 15450K .......... .......... .......... .......... .......... 27% 1.38M 77s
 15500K .......... .......... .......... .......... .......... 27%  495K 77s
 15550K .......... .......... .......... .......... .......... 27%  523K 77s
 15600K .......... .......... .......... .......... .......... 27% 2.46M 77s
 15650K .......... .......... .......... .......... .......... 27%  518K 77s
 15700K .......... .......... .......... .......... .......... 27%  588K 77s
 15750K .......... .......... .......... .......... .......... 27% 1.17M 76s
 15800K .......... .......... .......... .......... .......... 27%  638K 76s
 15850K .......... .......... .......... .......... .......... 28%  486K 76s
 15900K .......... .......... .......... .......... .......... 28%  520K 76s
 15950K .......... .......... .......... .......... .......... 28% 1.65M 76s
 16000K .......... .......... .......... .......... .......... 28%  549K 76s
 16050K .......... .......... .......... .......... .......... 28%  591K 76s
 16100K .......... .......... .......... .......... .......... 28% 1.54M 75s
 16150K .......... .......... .......... .......... .......... 28%  551K 75s
 16200K .......... .......... .......... .......... .......... 28% 1019K 75s
 16250K .......... .......... .......... .......... .......... 28%  486K 75s
 16300K .......... .......... .......... .......... .......... 28%  444K 75s
 16350K .......... .......... .......... .......... .......... 28%  626K 75s
 16400K .......... .......... .......... .......... .......... 28% 1.59M 75s
 16450K .......... .......... .......... .......... .......... 29%  562K 75s
 16500K .......... .......... .......... .......... .......... 29% 2.83M 74s
 16550K .......... .......... .......... .......... .......... 29%  550K 74s
 16600K .......... .......... .......... .......... .......... 29%  551K 74s
 16650K .......... .......... .......... .......... .......... 29% 1.84M 74s
 16700K .......... .......... .......... .......... .......... 29%  458K 74s
 16750K .......... .......... .......... .......... .......... 29%  563K 74s
 16800K .......... .......... .......... .......... .......... 29% 2.01M 73s
 16850K .......... .......... .......... .......... .......... 29%  574K 73s
 16900K .......... .......... .......... .......... .......... 29%  596K 73s
 16950K .......... .......... .......... .......... .......... 29%  944K 73s
 17000K .......... .......... .......... .......... .......... 30%  941K 73s
 17050K .......... .......... .......... .......... .......... 30%  914K 73s
 17100K .......... .......... .......... .......... .......... 30%  878K 72s
 17150K .......... .......... .......... .......... .......... 30% 1011K 72s
 17200K .......... .......... .......... .......... .......... 30%  874K 72s
 17250K .......... .......... .......... .......... .......... 30% 1.11M 72s
 17300K .......... .......... .......... .......... .......... 30%  563K 72s
 17350K .......... .......... .......... .......... .......... 30% 1.07M 72s
 17400K .......... .......... .......... .......... .......... 30%  910K 71s
 17450K .......... .......... .......... .......... .......... 30% 1019K 71s
 17500K .......... .......... .......... .......... .......... 30% 1.02M 71s
 17550K .......... .......... .......... .......... .......... 30%  730K 71s
 17600K .......... .......... .......... .......... .......... 31% 2.63M 71s
 17650K .......... .......... .......... .......... .......... 31%  621K 71s
 17700K .......... .......... .......... .......... .......... 31% 1.90M 70s
 17750K .......... .......... .......... .......... .......... 31%  643K 70s
 17800K .......... .......... .......... .......... .......... 31% 1.77M 70s
 17850K .......... .......... .......... .......... .......... 31%  689K 70s
 17900K .......... .......... .......... .......... .......... 31% 1.62M 70s
 17950K .......... .......... .......... .......... .......... 31%  824K 69s
 18000K .......... .......... .......... .......... .......... 31%  576K 69s
 18050K .......... .......... .......... .......... .......... 31% 2.38M 69s
 18100K .......... .......... .......... .......... .......... 31%  640K 69s
 18150K .......... .......... .......... .......... .......... 32% 2.26M 69s
 18200K .......... .......... .......... .......... .......... 32% 3.03M 69s
 18250K .......... .......... .......... .......... .......... 32%  589K 68s
 18300K .......... .......... .......... .......... .......... 32% 3.74M 68s
 18350K .......... .......... .......... .......... .......... 32%  554K 68s
 18400K .......... .......... .......... .......... .......... 32% 3.49M 68s
 18450K .......... .......... .......... .......... .......... 32% 2.18M 68s
 18500K .......... .......... .......... .......... .......... 32%  623K 68s
 18550K .......... .......... .......... .......... .......... 32%  946K 67s
 18600K .......... .......... .......... .......... .......... 32% 3.30M 67s
 18650K .......... .......... .......... .......... .......... 32%  655K 67s
 18700K .......... .......... .......... .......... .......... 33% 2.07M 67s
 18750K .......... .......... .......... .......... .......... 33% 1.03M 67s
 18800K .......... .......... .......... .......... .......... 33% 1.43M 66s
 18850K .......... .......... .......... .......... .......... 33% 1.48M 66s
 18900K .......... .......... .......... .......... .......... 33% 1.09M 66s
 18950K .......... .......... .......... .......... .......... 33% 1021K 66s
 19000K .......... .......... .......... .......... .......... 33% 2.04M 66s
 19050K .......... .......... .......... .......... .......... 33% 1.28M 66s
 19100K .......... .......... .......... .......... .......... 33%  929K 65s
 19150K .......... .......... .......... .......... .......... 33% 1.78M 65s
 19200K .......... .......... .......... .......... .......... 33% 79.0K 66s
 19250K .......... .......... .......... .......... .......... 33%  181M 66s
 19300K .......... .......... .......... .......... .......... 34%  204M 66s
 19350K .......... .......... .......... .......... .......... 34%  492K 66s
 19400K .......... .......... .......... .......... .......... 34%  113M 65s
 19450K .......... .......... .......... .......... .......... 34%  200M 65s
 19500K .......... .......... .......... .......... .......... 34%  100K 66s
 19550K .......... .......... .......... .......... .......... 34%  450K 66s
 19600K .......... .......... .......... .......... .......... 34%  467K 66s
 19650K .......... .......... .......... .......... .......... 34%  500K 66s
 19700K .......... .......... .......... .......... .......... 34%  592K 66s
 19750K .......... .......... .......... .......... .......... 34% 2.05M 65s
 19800K .......... .......... .......... .......... .......... 34%  653K 65s
 19850K .......... .......... .......... .......... .......... 35% 1.24M 65s
 19900K .......... .......... .......... .......... .......... 35%  862K 65s
 19950K .......... .......... .......... .......... .......... 35% 1.14M 65s
 20000K .......... .......... .......... .......... .......... 35%  832K 65s
 20050K .......... .......... .......... .......... .......... 35% 1.03M 64s
 20100K .......... .......... .......... .......... .......... 35%  799K 64s
 20150K .......... .......... .......... .......... .......... 35% 1.29M 64s
 20200K .......... .......... .......... .......... .......... 35%  804K 64s
 20250K .......... .......... .......... .......... .......... 35% 1.19M 64s
 20300K .......... .......... .......... .......... .......... 35%  816K 64s
 20350K .......... .......... .......... .......... .......... 35%  696K 64s
 20400K .......... .......... .......... .......... .......... 36% 1.57M 63s
 20450K .......... .......... .......... .......... .......... 36%  706K 63s
 20500K .......... .......... .......... .......... .......... 36%  781K 63s
 20550K .......... .......... .......... .......... .......... 36% 1.29M 63s
 20600K .......... .......... .......... .......... .......... 36% 1.92M 63s
 20650K .......... .......... .......... .......... .......... 36%  613K 63s
 20700K .......... .......... .......... .......... .......... 36% 1.89M 62s
 20750K .......... .......... .......... .......... .......... 36%  631K 62s
 20800K .......... .......... .......... .......... .......... 36% 1.91M 62s
 20850K .......... .......... .......... .......... .......... 36%  687K 62s
 20900K .......... .......... .......... .......... .......... 36% 1.48M 62s
 20950K .......... .......... .......... .......... .......... 36% 1.80M 62s
 21000K .......... .......... .......... .......... .......... 37%  645K 62s
 21050K .......... .......... .......... .......... .......... 37%  793K 61s
 21100K .......... .......... .......... .......... .......... 37% 1.84M 61s
 21150K .......... .......... .......... .......... .......... 37% 1.55M 61s
 21200K .......... .......... .......... .......... .......... 37%  739K 61s
 21250K .......... .......... .......... .......... .......... 37% 1.66M 61s
 21300K .......... .......... .......... .......... .......... 37%  706K 61s
 21350K .......... .......... .......... .......... .......... 37% 1.76M 61s
 21400K .......... .......... .......... .......... .......... 37%  679K 60s
 21450K .......... .......... .......... .......... .......... 37% 1.82M 60s
 21500K .......... .......... .......... .......... .......... 37%  584K 60s
 21550K .......... .......... .......... .......... .......... 38% 1.98M 60s
 21600K .......... .......... .......... .......... .......... 38%  586K 60s
 21650K .......... .......... .......... .......... .......... 38% 2.58M 60s
 21700K .......... .......... .......... .......... .......... 38%  665K 60s
 21750K .......... .......... .......... .......... .......... 38% 1.17M 59s
 21800K .......... .......... .......... .......... .......... 38%  883K 59s
 21850K .......... .......... .......... .......... .......... 38% 1.61M 59s
 21900K .......... .......... .......... .......... .......... 38%  683K 59s
 21950K .......... .......... .......... .......... .......... 38% 2.00M 59s
 22000K .......... .......... .......... .......... .......... 38%  586K 59s
 22050K .......... .......... .......... .......... .......... 38% 3.02M 59s
 22100K .......... .......... .......... .......... .......... 39%  431K 59s
 22150K .......... .......... .......... .......... .......... 39% 3.08M 58s
 22200K .......... .......... .......... .......... .......... 39% 52.9K 60s
 22250K .......... .......... .......... .......... .......... 39%  122M 59s
 22300K .......... .......... .......... .......... .......... 39%  153M 59s
 22350K .......... .......... .......... .......... .......... 39%  180M 59s
 22400K .......... .......... .......... .......... .......... 39%  218M 59s
 22450K .......... .......... .......... .......... .......... 39%  118K 59s
 22500K .......... .......... .......... .......... .......... 39%  243K 59s
 22550K .......... .......... .......... .......... .......... 39%  458K 59s
 22600K .......... .......... .......... .......... .......... 39%  523K 59s
 22650K .......... .......... .......... .......... .......... 39%  507K 59s
 22700K .......... .......... .......... .......... .......... 40% 1.68M 59s
 22750K .......... .......... .......... .......... .......... 40%  491K 59s
 22800K .......... .......... .......... .......... .......... 40%  514K 59s
 22850K .......... .......... .......... .......... .......... 40%  507K 59s
 22900K .......... .......... .......... .......... .......... 40%  718K 59s
 22950K .......... .......... .......... .......... .......... 40%  703K 58s
 23000K .......... .......... .......... .......... .......... 40%  504K 58s
 23050K .......... .......... .......... .......... .......... 40%  656K 58s
 23100K .......... .......... .......... .......... .......... 40%  633K 58s
 23150K .......... .......... .......... .......... .......... 40%  657K 58s
 23200K .......... .......... .......... .......... .......... 40%  610K 58s
 23250K .......... .......... .......... .......... .......... 41%  629K 58s
 23300K .......... .......... .......... .......... .......... 41%  513K 58s
 23350K .......... .......... .......... .......... .......... 41%  895K 58s
 23400K .......... .......... .......... .......... .......... 41%  562K 58s
 23450K .......... .......... .......... .......... .......... 41%  526K 58s
 23500K .......... .......... .......... .......... .......... 41%  676K 57s
 23550K .......... .......... .......... .......... .......... 41%  973K 57s
 23600K .......... .......... .......... .......... .......... 41%  502K 57s
 23650K .......... .......... .......... .......... .......... 41%  621K 57s
 23700K .......... .......... .......... .......... .......... 41%  650K 57s
 23750K .......... .......... .......... .......... .......... 41%  280K 57s
 23800K .......... .......... .......... .......... .......... 42%  549K 57s
 23850K .......... .......... .......... .......... .......... 42%  537K 57s
 23900K .......... .......... .......... .......... .......... 42% 1001K 57s
 23950K .......... .......... .......... .......... .......... 42%  612K 57s
 24000K .......... .......... .......... .......... .......... 42%  419K 57s
 24050K .......... .......... .......... .......... .......... 42%  432K 57s
 24100K .......... .......... .......... .......... .......... 42% 1.95M 56s
 24150K .......... .......... .......... .......... .......... 42%  518K 56s
 24200K .......... .......... .......... .......... .......... 42%  521K 56s
 24250K .......... .......... .......... .......... .......... 42%  600K 56s
 24300K .......... .......... .......... .......... .......... 42%  538K 56s
 24350K .......... .......... .......... .......... .......... 42% 1.28M 56s
 24400K .......... .......... .......... .......... .......... 43%  562K 56s
 24450K .......... .......... .......... .......... .......... 43%  466K 56s
 24500K .......... .......... .......... .......... .......... 43%  566K 56s
 24550K .......... .......... .......... .......... .......... 43% 1.32M 56s
 24600K .......... .......... .......... .......... .......... 43%  638K 55s
 24650K .......... .......... .......... .......... .......... 43% 1.24M 55s
 24700K .......... .......... .......... .......... .......... 43%  502K 55s
 24750K .......... .......... .......... .......... .......... 43%  860K 55s
 24800K .......... .......... .......... .......... .......... 43% 1013K 55s
 24850K .......... .......... .......... .......... .......... 43%  556K 55s
 24900K .......... .......... .......... .......... .......... 43% 3.05M 55s
 24950K .......... .......... .......... .......... .......... 44%  567K 55s
 25000K .......... .......... .......... .......... .......... 44% 2.30M 55s
 25050K .......... .......... .......... .......... .......... 44%  552K 54s
 25100K .......... .......... .......... .......... .......... 44% 2.58M 54s
 25150K .......... .......... .......... .......... .......... 44%  544K 54s
 25200K .......... .......... .......... .......... .......... 44% 2.68M 54s
 25250K .......... .......... .......... .......... .......... 44%  551K 54s
 25300K .......... .......... .......... .......... .......... 44% 2.31M 54s
 25350K .......... .......... .......... .......... .......... 44%  626K 54s
 25400K .......... .......... .......... .......... .......... 44% 1.63M 54s
 25450K .......... .......... .......... .......... .......... 44%  682K 53s
 25500K .......... .......... .......... .......... .......... 44% 1.89M 53s
 25550K .......... .......... .......... .......... .......... 45%  548K 53s
 25600K .......... .......... .......... .......... .......... 45% 1.41M 53s
 25650K .......... .......... .......... .......... .......... 45%  508K 53s
 25700K .......... .......... .......... .......... .......... 45%  577K 53s
 25750K .......... .......... .......... .......... .......... 45% 1.19M 53s
 25800K .......... .......... .......... .......... .......... 45% 4.08M 53s
 25850K .......... .......... .......... .......... .......... 45%  514K 52s
 25900K .......... .......... .......... .......... .......... 45% 3.83M 52s
 25950K .......... .......... .......... .......... .......... 45% 78.5K 53s
 26000K .......... .......... .......... .......... .......... 45%  244M 53s
 26050K .......... .......... .......... .......... .......... 45%  161M 53s
 26100K .......... .......... .......... .......... .......... 46%  154M 52s
 26150K .......... .......... .......... .......... .......... 46%  245M 52s
 26200K .......... .......... .......... .......... .......... 46%  117M 52s
 26250K .......... .......... .......... .......... .......... 46% 98.7K 52s
 26300K .......... .......... .......... .......... .......... 46%  244K 52s
 26350K .......... .......... .......... .......... .......... 46%  458K 52s
 26400K .......... .......... .......... .......... .......... 46%  503K 52s
 26450K .......... .......... .......... .......... .......... 46% 2.18M 52s
 26500K .......... .......... .......... .......... .......... 46%  564K 52s
 26550K .......... .......... .......... .......... .......... 46%  622K 52s
 26600K .......... .......... .......... .......... .......... 46%  539K 52s
 26650K .......... .......... .......... .......... .......... 47%  532K 52s
 26700K .......... .......... .......... .......... .......... 47% 2.86M 52s
 26750K .......... .......... .......... .......... .......... 47%  518K 52s
 26800K .......... .......... .......... .......... .......... 47%  562K 51s
 26850K .......... .......... .......... .......... .......... 47% 1.68M 51s
 26900K .......... .......... .......... .......... .......... 47%  566K 51s
 26950K .......... .......... .......... .......... .......... 47% 1.85M 51s
 27000K .......... .......... .......... .......... .......... 47%  558K 51s
 27050K .......... .......... .......... .......... .......... 47% 2.59M 51s
 27100K .......... .......... .......... .......... .......... 47%  534K 51s
 27150K .......... .......... .......... .......... .......... 47%  544K 51s
 27200K .......... .......... .......... .......... .......... 47% 1.58M 51s
 27250K .......... .......... .......... .......... .......... 48%  632K 50s
 27300K .......... .......... .......... .......... .......... 48% 1.64M 50s
 27350K .......... .......... .......... .......... .......... 48%  528K 50s
 27400K .......... .......... .......... .......... .......... 48%  627K 50s
 27450K .......... .......... .......... .......... .......... 48% 1.54M 50s
 27500K .......... .......... .......... .......... .......... 48%  608K 50s
 27550K .......... .......... .......... .......... .......... 48% 1.40M 50s
 27600K .......... .......... .......... .......... .......... 48%  698K 50s
 27650K .......... .......... .......... .......... .......... 48%  549K 50s
 27700K .......... .......... .......... .......... .......... 48% 3.24M 49s
 27750K .......... .......... .......... .......... .......... 48%  518K 49s
 27800K .......... .......... .......... .......... .......... 49%  629K 49s
 27850K .......... .......... .......... .......... .......... 49% 1017K 49s
 27900K .......... .......... .......... .......... .......... 49%  592K 49s
 27950K .......... .......... .......... .......... .......... 49% 1.79M 49s
 28000K .......... .......... .......... .......... .......... 49%  655K 49s
 28050K .......... .......... .......... .......... .......... 49% 1.08M 49s
 28100K .......... .......... .......... .......... .......... 49%  631K 49s
 28150K .......... .......... .......... .......... .......... 49% 1.64M 48s
 28200K .......... .......... .......... .......... .......... 49%  565K 48s
 28250K .......... .......... .......... .......... .......... 49%  635K 48s
 28300K .......... .......... .......... .......... .......... 49% 1.63M 48s
 28350K .......... .......... .......... .......... .......... 50%  513K 48s
 28400K .......... .......... .......... .......... .......... 50% 3.70M 48s
 28450K .......... .......... .......... .......... .......... 50%  516K 48s
 28500K .......... .......... .......... .......... .......... 50%  579K 48s
 28550K .......... .......... .......... .......... .......... 50% 2.02M 48s
 28600K .......... .......... .......... .......... .......... 50%  602K 48s
 28650K .......... .......... .......... .......... .......... 50% 1.86M 47s
 28700K .......... .......... .......... .......... .......... 50%  635K 47s
 28750K .......... .......... .......... .......... .......... 50% 1.86M 47s
 28800K .......... .......... .......... .......... .......... 50%  647K 47s
 28850K .......... .......... .......... .......... .......... 50% 1.54M 47s
 28900K .......... .......... .......... .......... .......... 50%  623K 47s
 28950K .......... .......... .......... .......... .......... 51% 1.43M 47s
 29000K .......... .......... .......... .......... .......... 51%  751K 47s
 29050K .......... .......... .......... .......... .......... 51% 1.29M 47s
 29100K .......... .......... .......... .......... .......... 51%  729K 46s
 29150K .......... .......... .......... .......... .......... 51% 1.32M 46s
 29200K .......... .......... .......... .......... .......... 51%  606K 46s
 29250K .......... .......... .......... .......... .......... 51% 3.19M 46s
 29300K .......... .......... .......... .......... .......... 51%  650K 46s
 29350K .......... .......... .......... .......... .......... 51% 1.70M 46s
 29400K .......... .......... .......... .......... .......... 51%  572K 46s
 29450K .......... .......... .......... .......... .......... 51% 2.08M 46s
 29500K .......... .......... .......... .......... .......... 52%  519K 46s
 29550K .......... .......... .......... .......... .......... 52% 3.72M 45s
 29600K .......... .......... .......... .......... .......... 52% 92.5K 46s
 29650K .......... .......... .......... .......... .......... 52%  140M 46s
 29700K .......... .......... .......... .......... .......... 52%  142M 45s
 29750K .......... .......... .......... .......... .......... 52%  171M 45s
 29800K .......... .......... .......... .......... .......... 52%  189M 45s
 29850K .......... .......... .......... .......... .......... 52%  170K 45s
 29900K .......... .......... .......... .......... .......... 52%  162K 45s
 29950K .......... .......... .......... .......... .......... 52%  251K 45s
 30000K .......... .......... .......... .......... .......... 52%  504K 45s
 30050K .......... .......... .......... .......... .......... 53%  498K 45s
 30100K .......... .......... .......... .......... .......... 53% 2.01M 45s
 30150K .......... .......... .......... .......... .......... 53%  483K 45s
 30200K .......... .......... .......... .......... .......... 53%  473K 45s
 30250K .......... .......... .......... .......... .......... 53%  357K 45s
 30300K .......... .......... .......... .......... .......... 53%  519K 45s
 30350K .......... .......... .......... .......... .......... 53% 1.51M 45s
 30400K .......... .......... .......... .......... .......... 53%  497K 45s
 30450K .......... .......... .......... .......... .......... 53%  490K 45s
 30500K .......... .......... .......... .......... .......... 53%  497K 44s
 30550K .......... .......... .......... .......... .......... 53%  615K 44s
 30600K .......... .......... .......... .......... .......... 53% 1.17M 44s
 30650K .......... .......... .......... .......... .......... 54%  485K 44s
 30700K .......... .......... .......... .......... .......... 54%  227K 44s
 30750K .......... .......... .......... .......... .......... 54%  490K 44s
 30800K .......... .......... .......... .......... .......... 54% 2.27M 44s
 30850K .......... .......... .......... .......... .......... 54%  335K 44s
 30900K .......... .......... .......... .......... .......... 54%  716K 44s
 30950K .......... .......... .......... .......... .......... 54%  518K 44s
 31000K .......... .......... .......... .......... .......... 54%  516K 44s
 31050K .......... .......... .......... .......... .......... 54%  685K 44s
 31100K .......... .......... .......... .......... .......... 54%  519K 44s
 31150K .......... .......... .......... .......... .......... 54%  526K 43s
 31200K .......... .......... .......... .......... .......... 55%  586K 43s
 31250K .......... .......... .......... .......... .......... 55% 1023K 43s
 31300K .......... .......... .......... .......... .......... 55%  466K 43s
 31350K .......... .......... .......... .......... .......... 55%  528K 43s
 31400K .......... .......... .......... .......... .......... 55%  704K 43s
 31450K .......... .......... .......... .......... .......... 55%  540K 43s
 31500K .......... .......... .......... .......... .......... 55% 1.05M 43s
 31550K .......... .......... .......... .......... .......... 55%  494K 43s
 31600K .......... .......... .......... .......... .......... 55%  497K 43s
 31650K .......... .......... .......... .......... .......... 55% 2.55M 43s
 31700K .......... .......... .......... .......... .......... 55%  434K 42s
 31750K .......... .......... .......... .......... .......... 56%  506K 42s
 31800K .......... .......... .......... .......... .......... 56%  530K 42s
 31850K .......... .......... .......... .......... .......... 56% 2.05M 42s
 31900K .......... .......... .......... .......... .......... 56%  515K 42s
 31950K .......... .......... .......... .......... .......... 56%  525K 42s
 32000K .......... .......... .......... .......... .......... 56%  550K 42s
 32050K .......... .......... .......... .......... .......... 56%  499K 42s
 32100K .......... .......... .......... .......... .......... 56% 1.64M 42s
 32150K .......... .......... .......... .......... .......... 56%  540K 42s
 32200K .......... .......... .......... .......... .......... 56%  617K 42s
 32250K .......... .......... .......... .......... .......... 56% 1.73M 41s
 32300K .......... .......... .......... .......... .......... 56%  614K 41s
 32350K .......... .......... .......... .......... .......... 57%  552K 41s
 32400K .......... .......... .......... .......... .......... 57% 3.08M 41s
 32450K .......... .......... .......... .......... .......... 57%  584K 41s
 32500K .......... .......... .......... .......... .......... 57% 1.53M 41s
 32550K .......... .......... .......... .......... .......... 57%  661K 41s
 32600K .......... .......... .......... .......... .......... 57%  576K 41s
 32650K .......... .......... .......... .......... .......... 57% 3.73M 41s
 32700K .......... .......... .......... .......... .......... 57% 1013K 41s
 32750K .......... .......... .......... .......... .......... 57%  904K 40s
 32800K .......... .......... .......... .......... .......... 57%  556K 40s
 32850K .......... .......... .......... .......... .......... 57% 2.46M 40s
 32900K .......... .......... .......... .......... .......... 58% 1.59M 40s
 32950K .......... .......... .......... .......... .......... 58%  760K 40s
 33000K .......... .......... .......... .......... .......... 58% 1.45M 40s
 33050K .......... .......... .......... .......... .......... 58%  280K 40s
 33100K .......... .......... .......... .......... .......... 58% 95.7K 40s
 33150K .......... .......... .......... .......... .......... 58%  221M 40s
 33200K .......... .......... .......... .......... .......... 58%  152M 40s
 33250K .......... .......... .......... .......... .......... 58%  203M 40s
 33300K .......... .......... .......... .......... .......... 58%  284M 40s
 33350K .......... .......... .......... .......... .......... 58%  254K 40s
 33400K .......... .......... .......... .......... .......... 58%  126K 40s
 33450K .......... .......... .......... .......... .......... 58%  479K 40s
 33500K .......... .......... .......... .......... .......... 59%  414K 40s
 33550K .......... .......... .......... .......... .......... 59% 2.30M 39s
 33600K .......... .......... .......... .......... .......... 59%  503K 39s
 33650K .......... .......... .......... .......... .......... 59%  542K 39s
 33700K .......... .......... .......... .......... .......... 59%  559K 39s
 33750K .......... .......... .......... .......... .......... 59% 1.15M 39s
 33800K .......... .......... .......... .......... .......... 59%  528K 39s
 33850K .......... .......... .......... .......... .......... 59%  673K 39s
 33900K .......... .......... .......... .......... .......... 59% 1.04M 39s
 33950K .......... .......... .......... .......... .......... 59%  554K 39s
 34000K .......... .......... .......... .......... .......... 59%  934K 39s
 34050K .......... .......... .......... .......... .......... 60%  521K 38s
 34100K .......... .......... .......... .......... .......... 60%  603K 38s
 34150K .......... .......... .......... .......... .......... 60%  892K 38s
 34200K .......... .......... .......... .......... .......... 60%  523K 38s
 34250K .......... .......... .......... .......... .......... 60%  507K 38s
 34300K .......... .......... .......... .......... .......... 60% 4.08M 38s
 34350K .......... .......... .......... .......... .......... 60%  507K 38s
 34400K .......... .......... .......... .......... .......... 60%  506K 38s
 34450K .......... .......... .......... .......... .......... 60% 1.15M 38s
 34500K .......... .......... .......... .......... .......... 60%  506K 38s
 34550K .......... .......... .......... .......... .......... 60%  807K 38s
 34600K .......... .......... .......... .......... .......... 61%  506K 38s
 34650K .......... .......... .......... .......... .......... 61%  513K 37s
 34700K .......... .......... .......... .......... .......... 61% 1.25M 37s
 34750K .......... .......... .......... .......... .......... 61%  517K 37s
 34800K .......... .......... .......... .......... .......... 61%  704K 37s
 34850K .......... .......... .......... .......... .......... 61%  490K 37s
 34900K .......... .......... .......... .......... .......... 61%  503K 37s
 34950K .......... .......... .......... .......... .......... 61% 1.54M 37s
 35000K .......... .......... .......... .......... .......... 61%  658K 37s
 35050K .......... .......... .......... .......... .......... 61%  498K 37s
 35100K .......... .......... .......... .......... .......... 61%  506K 37s
 35150K .......... .......... .......... .......... .......... 61% 1.62M 37s
 35200K .......... .......... .......... .......... .......... 62%  545K 36s
 35250K .......... .......... .......... .......... .......... 62% 2.33M 36s
 35300K .......... .......... .......... .......... .......... 62%  558K 36s
 35350K .......... .......... .......... .......... .......... 62%  600K 36s
 35400K .......... .......... .......... .......... .......... 62%  515K 36s
 35450K .......... .......... .......... .......... .......... 62%  543K 36s
 35500K .......... .......... .......... .......... .......... 62% 2.89M 36s
 35550K .......... .......... .......... .......... .......... 62%  564K 36s
 35600K .......... .......... .......... .......... .......... 62% 1.61M 36s
 35650K .......... .......... .......... .......... .......... 62%  594K 36s
 35700K .......... .......... .......... .......... .......... 62% 1.40M 35s
 35750K .......... .......... .......... .......... .......... 63%  556K 35s
 35800K .......... .......... .......... .......... .......... 63%  651K 35s
 35850K .......... .......... .......... .......... .......... 63%  726K 35s
 35900K .......... .......... .......... .......... .......... 63% 1.26M 35s
 35950K .......... .......... .......... .......... .......... 63%  779K 35s
 36000K .......... .......... .......... .......... .......... 63% 1.10M 35s
 36050K .......... .......... .......... .......... .......... 63%  560K 35s
 36100K .......... .......... .......... .......... .......... 63% 2.70M 35s
 36150K .......... .......... .......... .......... .......... 63%  566K 35s
 36200K .......... .......... .......... .......... .......... 63% 2.67M 34s
 36250K .......... .......... .......... .......... .......... 63%  501K 34s
 36300K .......... .......... .......... .......... .......... 64% 3.33M 34s
 36350K .......... .......... .......... .......... .......... 64%  548K 34s
 36400K .......... .......... .......... .......... .......... 64% 3.81M 34s
 36450K .......... .......... .......... .......... .......... 64%  584K 34s
 36500K .......... .......... .......... .......... .......... 64% 2.10M 34s
 36550K .......... .......... .......... .......... .......... 64%  676K 34s
 36600K .......... .......... .......... .......... .......... 64% 1.55M 34s
 36650K .......... .......... .......... .......... .......... 64% 3.17M 34s
 36700K .......... .......... .......... .......... .......... 64%  692K 33s
 36750K .......... .......... .......... .......... .......... 64% 1.46M 33s
 36800K .......... .......... .......... .......... .......... 64%  722K 33s
 36850K .......... .......... .......... .......... .......... 64% 1.31M 33s
 36900K .......... .......... .......... .......... .......... 65% 2.60M 33s
 36950K .......... .......... .......... .......... .......... 65%  699K 33s
 37000K .......... .......... .......... .......... .......... 65% 2.17M 33s
 37050K .......... .......... .......... .......... .......... 65%  614K 33s
 37100K .......... .......... .......... .......... .......... 65% 2.79M 33s
 37150K .......... .......... .......... .......... .......... 65%  840K 33s
 37200K .......... .......... .......... .......... .......... 65% 1.20M 32s
 37250K .......... .......... .......... .......... .......... 65% 1.00M 32s
 37300K .......... .......... .......... .......... .......... 65% 1.29M 32s
 37350K .......... .......... .......... .......... .......... 65% 2.17M 32s
 37400K .......... .......... .......... .......... .......... 65%  909K 32s
 37450K .......... .......... .......... .......... .......... 66% 1.09M 32s
 37500K .......... .......... .......... .......... .......... 66% 1.03M 32s
 37550K .......... .......... .......... .......... .......... 66% 1.96M 32s
 37600K .......... .......... .......... .......... .......... 66%  929K 32s
 37650K .......... .......... .......... .......... .......... 66% 1.55M 31s
 37700K .......... .......... .......... .......... .......... 66% 2.15M 31s
 37750K .......... .......... .......... .......... .......... 66% 1006K 31s
 37800K .......... .......... .......... .......... .......... 66% 1.18M 31s
 37850K .......... .......... .......... .......... .......... 66% 2.13M 31s
 37900K .......... .......... .......... .......... .......... 66% 1.19M 31s
 37950K .......... .......... .......... .......... .......... 66%  796K 31s
 38000K .......... .......... .......... .......... .......... 67% 1.41M 31s
 38050K .......... .......... .......... .......... .......... 67% 4.27M 31s
 38100K .......... .......... .......... .......... .......... 67%  357K 31s
 38150K .......... .......... .......... .......... .......... 67%  234M 30s
 38200K .......... .......... .......... .......... .......... 67%  491K 30s
 38250K .......... .......... .......... .......... .......... 67%  178M 30s
 38300K .......... .......... .......... .......... .......... 67%  130M 30s
 38350K .......... .......... .......... .......... .......... 67% 3.63M 30s
 38400K .......... .......... .......... .......... .......... 67%  539K 30s
 38450K .......... .......... .......... .......... .......... 67% 2.40M 30s
 38500K .......... .......... .......... .......... .......... 67%  615K 30s
 38550K .......... .......... .......... .......... .......... 67% 2.49M 30s
 38600K .......... .......... .......... .......... .......... 68% 1.53M 30s
 38650K .......... .......... .......... .......... .......... 68%  636K 29s
 38700K .......... .......... .......... .......... .......... 68% 3.21M 29s
 38750K .......... .......... .......... .......... .......... 68%  388K 29s
 38800K .......... .......... .......... .......... .......... 68% 2.40M 29s
 38850K .......... .......... .......... .......... .......... 68% 56.3K 29s
 38900K .......... .......... .......... .......... .......... 68%  220M 29s
 38950K .......... .......... .......... .......... .......... 68%  199M 29s
 39000K .......... .......... .......... .......... .......... 68%  180M 29s
 39050K .......... .......... .......... .......... .......... 68%  155M 29s
 39100K .......... .......... .......... .......... .......... 68%  160M 29s
 39150K .......... .......... .......... .......... .......... 69%  124K 29s
 39200K .......... .......... .......... .......... .......... 69%  239K 29s
 39250K .......... .......... .......... .......... .......... 69%  473K 29s
 39300K .......... .......... .......... .......... .......... 69%  495K 29s
 39350K .......... .......... .......... .......... .......... 69%  645K 29s
 39400K .......... .......... .......... .......... .......... 69% 1.64M 29s
 39450K .......... .......... .......... .......... .......... 69%  550K 29s
 39500K .......... .......... .......... .......... .......... 69% 1.31M 28s
 39550K .......... .......... .......... .......... .......... 69%  601K 28s
 39600K .......... .......... .......... .......... .......... 69% 1.68M 28s
 39650K .......... .......... .......... .......... .......... 69%  606K 28s
 39700K .......... .......... .......... .......... .......... 70% 1.78M 28s
 39750K .......... .......... .......... .......... .......... 70%  546K 28s
 39800K .......... .......... .......... .......... .......... 70% 2.14M 28s
 39850K .......... .......... .......... .......... .......... 70%  632K 28s
 39900K .......... .......... .......... .......... .......... 70% 1.64M 28s
 39950K .......... .......... .......... .......... .......... 70%  597K 28s
 40000K .......... .......... .......... .......... .......... 70%  932K 27s
 40050K .......... .......... .......... .......... .......... 70%  882K 27s
 40100K .......... .......... .......... .......... .......... 70% 1.02M 27s
 40150K .......... .......... .......... .......... .......... 70%  873K 27s
 40200K .......... .......... .......... .......... .......... 70%  921K 27s
 40250K .......... .......... .......... .......... .......... 70%  582K 27s
 40300K .......... .......... .......... .......... .......... 71% 2.00M 27s
 40350K .......... .......... .......... .......... .......... 71%  593K 27s
 40400K .......... .......... .......... .......... .......... 71%  911K 27s
 40450K .......... .......... .......... .......... .......... 71%  852K 27s
 40500K .......... .......... .......... .......... .......... 71% 1.07M 27s
 40550K .......... .......... .......... .......... .......... 71%  696K 26s
 40600K .......... .......... .......... .......... .......... 71%  680K 26s
 40650K .......... .......... .......... .......... .......... 71% 1.27M 26s
 40700K .......... .......... .......... .......... .......... 71%  738K 26s
 40750K .......... .......... .......... .......... .......... 71% 1.05M 26s
 40800K .......... .......... .......... .......... .......... 71%  728K 26s
 40850K .......... .......... .......... .......... .......... 72% 1.45M 26s
 40900K .......... .......... .......... .......... .......... 72%  674K 26s
 40950K .......... .......... .......... .......... .......... 72%  610K 26s
 41000K .......... .......... .......... .......... .......... 72% 1.18M 26s
 41050K .......... .......... .......... .......... .......... 72%  668K 26s
 41100K .......... .......... .......... .......... .......... 72% 1.15M 25s
 41150K .......... .......... .......... .......... .......... 72%  701K 25s
 41200K .......... .......... .......... .......... .......... 72%  608K 25s
 41250K .......... .......... .......... .......... .......... 72% 1.29M 25s
 41300K .......... .......... .......... .......... .......... 72%  681K 25s
 41350K .......... .......... .......... .......... .......... 72%  973K 25s
 41400K .......... .......... .......... .......... .......... 72%  728K 25s
 41450K .......... .......... .......... .......... .......... 73%  685K 25s
 41500K .......... .......... .......... .......... .......... 73% 1.18M 25s
 41550K .......... .......... .......... .......... .......... 73%  567K 25s
 41600K .......... .......... .......... .......... .......... 73% 2.75M 25s
 41650K .......... .......... .......... .......... .......... 73%  603K 25s
 41700K .......... .......... .......... .......... .......... 73% 1.47M 24s
 41750K .......... .......... .......... .......... .......... 73%  739K 24s
 41800K .......... .......... .......... .......... .......... 73% 1.49M 24s
 41850K .......... .......... .......... .......... .......... 73%  723K 24s
 41900K .......... .......... .......... .......... .......... 73% 1.22M 24s
 41950K .......... .......... .......... .......... .......... 73%  816K 24s
 42000K .......... .......... .......... .......... .......... 74% 1.19M 24s
 42050K .......... .......... .......... .......... .......... 74%  671K 24s
 42100K .......... .......... .......... .......... .......... 74% 1.40M 24s
 42150K .......... .......... .......... .......... .......... 74%  780K 24s
 42200K .......... .......... .......... .......... .......... 74% 1.39M 23s
 42250K .......... .......... .......... .......... .......... 74% 2.57M 23s
 42300K .......... .......... .......... .......... .......... 74%  554K 23s
 42350K .......... .......... .......... .......... .......... 74% 3.43M 23s
 42400K .......... .......... .......... .......... .......... 74%  667K 23s
 42450K .......... .......... .......... .......... .......... 74% 1.49M 23s
 42500K .......... .......... .......... .......... .......... 74%  681K 23s
 42550K .......... .......... .......... .......... .......... 75% 1.57M 23s
 42600K .......... .......... .......... .......... .......... 75%  693K 23s
 42650K .......... .......... .......... .......... .......... 75% 2.99M 23s
 42700K .......... .......... .......... .......... .......... 75% 1.69M 23s
 42750K .......... .......... .......... .......... .......... 75%  672K 22s
 42800K .......... .......... .......... .......... .......... 75% 1.63M 22s
 42850K .......... .......... .......... .......... .......... 75%  682K 22s
 42900K .......... .......... .......... .......... .......... 75% 3.61M 22s
 42950K .......... .......... .......... .......... .......... 75% 1.47M 22s
 43000K .......... .......... .......... .......... .......... 75%  720K 22s
 43050K .......... .......... .......... .......... .......... 75% 3.17M 22s
 43100K .......... .......... .......... .......... .......... 75%  731K 22s
 43150K .......... .......... .......... .......... .......... 76% 1.59M 22s
 43200K .......... .......... .......... .......... .......... 76%  727K 22s
 43250K .......... .......... .......... .......... .......... 76% 2.26M 22s
 43300K .......... .......... .......... .......... .......... 76%  750K 21s
 43350K .......... .......... .......... .......... .......... 76% 2.21M 21s
 43400K .......... .......... .......... .......... .......... 76% 1.51M 21s
 43450K .......... .......... .......... .......... .......... 76%  865K 21s
 43500K .......... .......... .......... .......... .......... 76% 1.94M 21s
 43550K .......... .......... .......... .......... .......... 76%  390K 21s
 43600K .......... .......... .......... .......... .......... 76%  170M 21s
 43650K .......... .......... .......... .......... .......... 76%  140M 21s
 43700K .......... .......... .......... .......... .......... 77%  968K 21s
 43750K .......... .......... .......... .......... .......... 77% 1.30M 21s
 43800K .......... .......... .......... .......... .......... 77% 1.23M 21s
 43850K .......... .......... .......... .......... .......... 77%  925K 20s
 43900K .......... .......... .......... .......... .......... 77%  786K 20s
 43950K .......... .......... .......... .......... .......... 77%  724K 20s
 44000K .......... .......... .......... .......... .......... 77% 1.62M 20s
 44050K .......... .......... .......... .......... .......... 77%  734K 20s
 44100K .......... .......... .......... .......... .......... 77% 1.78M 20s
 44150K .......... .......... .......... .......... .......... 77%  709K 20s
 44200K .......... .......... .......... .......... .......... 77% 1.17M 20s
 44250K .......... .......... .......... .......... .......... 78%  590K 20s
 44300K .......... .......... .......... .......... .......... 78% 2.89M 20s
 44350K .......... .......... .......... .......... .......... 78%  817K 20s
 44400K .......... .......... .......... .......... .......... 78% 1.16M 20s
 44450K .......... .......... .......... .......... .......... 78%  741K 19s
 44500K .......... .......... .......... .......... .......... 78% 1.79M 19s
 44550K .......... .......... .......... .......... .......... 78%  397K 19s
 44600K .......... .......... .......... .......... .......... 78% 4.48M 19s
 44650K .......... .......... .......... .......... .......... 78% 63.4K 19s
 44700K .......... .......... .......... .......... .......... 78%  166M 19s
 44750K .......... .......... .......... .......... .......... 78%  139M 19s
 44800K .......... .......... .......... .......... .......... 78%  129M 19s
 44850K .......... .......... .......... .......... .......... 79%  247M 19s
 44900K .......... .......... .......... .......... .......... 79%  252K 19s
 44950K .......... .......... .......... .......... .......... 79%  160K 19s
 45000K .......... .......... .......... .......... .......... 79%  258K 19s
 45050K .......... .......... .......... .......... .......... 79% 2.42M 19s
 45100K .......... .......... .......... .......... .......... 79%  284K 19s
 45150K .......... .......... .......... .......... .......... 79% 1.81M 19s
 45200K .......... .......... .......... .......... .......... 79%  514K 18s
 45250K .......... .......... .......... .......... .......... 79%  485K 18s
 45300K .......... .......... .......... .......... .......... 79%  528K 18s
 45350K .......... .......... .......... .......... .......... 79%  552K 18s
 45400K .......... .......... .......... .......... .......... 80%  610K 18s
 45450K .......... .......... .......... .......... .......... 80%  976K 18s
 45500K .......... .......... .......... .......... .......... 80%  471K 18s
 45550K .......... .......... .......... .......... .......... 80%  604K 18s
 45600K .......... .......... .......... .......... .......... 80%  486K 18s
 45650K .......... .......... .......... .......... .......... 80%  621K 18s
 45700K .......... .......... .......... .......... .......... 80%  931K 18s
 45750K .......... .......... .......... .......... .......... 80%  491K 18s
 45800K .......... .......... .......... .......... .......... 80%  484K 18s
 45850K .......... .......... .......... .......... .......... 80%  743K 17s
 45900K .......... .......... .......... .......... .......... 80%  603K 17s
 45950K .......... .......... .......... .......... .......... 81%  505K 17s
 46000K .......... .......... .......... .......... .......... 81%  672K 17s
 46050K .......... .......... .......... .......... .......... 81%  504K 17s
 46100K .......... .......... .......... .......... .......... 81%  980K 17s
 46150K .......... .......... .......... .......... .......... 81%  598K 17s
 46200K .......... .......... .......... .......... .......... 81%  494K 17s
 46250K .......... .......... .......... .......... .......... 81%  514K 17s
 46300K .......... .......... .......... .......... .......... 81%  496K 17s
 46350K .......... .......... .......... .......... .......... 81%  521K 17s
 46400K .......... .......... .......... .......... .......... 81% 2.75M 17s
 46450K .......... .......... .......... .......... .......... 81%  506K 16s
 46500K .......... .......... .......... .......... .......... 81%  509K 16s
 46550K .......... .......... .......... .......... .......... 82%  553K 16s
 46600K .......... .......... .......... .......... .......... 82% 2.49M 16s
 46650K .......... .......... .......... .......... .......... 82%  492K 16s
 46700K .......... .......... .......... .......... .......... 82%  515K 16s
 46750K .......... .......... .......... .......... .......... 82%  602K 16s
 46800K .......... .......... .......... .......... .......... 82%  275K 16s
 46850K .......... .......... .......... .......... .......... 82% 2.78M 16s
 46900K .......... .......... .......... .......... .......... 82%  268K 16s
 46950K .......... .......... .......... .......... .......... 82% 12.8M 16s
 47000K .......... .......... .......... .......... .......... 82%  512K 16s
 47050K .......... .......... .......... .......... .......... 82%  521K 16s
 47100K .......... .......... .......... .......... .......... 83%  527K 15s
 47150K .......... .......... .......... .......... .......... 83%  935K 15s
 47200K .......... .......... .......... .......... .......... 83%  489K 15s
 47250K .......... .......... .......... .......... .......... 83%  602K 15s
 47300K .......... .......... .......... .......... .......... 83%  782K 15s
 47350K .......... .......... .......... .......... .......... 83%  489K 15s
 47400K .......... .......... .......... .......... .......... 83%  596K 15s
 47450K .......... .......... .......... .......... .......... 83%  939K 15s
 47500K .......... .......... .......... .......... .......... 83%  541K 15s
 47550K .......... .......... .......... .......... .......... 83%  733K 15s
 47600K .......... .......... .......... .......... .......... 83%  605K 15s
 47650K .......... .......... .......... .......... .......... 84%  646K 15s
 47700K .......... .......... .......... .......... .......... 84% 1.10M 14s
 47750K .......... .......... .......... .......... .......... 84%  542K 14s
 47800K .......... .......... .......... .......... .......... 84%  597K 14s
 47850K .......... .......... .......... .......... .......... 84%  510K 14s
 47900K .......... .......... .......... .......... .......... 84%  506K 14s
 47950K .......... .......... .......... .......... .......... 84% 1.68M 14s
 48000K .......... .......... .......... .......... .......... 84%  619K 14s
 48050K .......... .......... .......... .......... .......... 84%  475K 14s
 48100K .......... .......... .......... .......... .......... 84%  531K 14s
 48150K .......... .......... .......... .......... .......... 84% 2.25M 14s
 48200K .......... .......... .......... .......... .......... 84%  520K 14s
 48250K .......... .......... .......... .......... .......... 85%  577K 14s
 48300K .......... .......... .......... .......... .......... 85%  523K 14s
 48350K .......... .......... .......... .......... .......... 85%  532K 13s
 48400K .......... .......... .......... .......... .......... 85% 2.18M 13s
 48450K .......... .......... .......... .......... .......... 85%  521K 13s
 48500K .......... .......... .......... .......... .......... 85%  580K 13s
 48550K .......... .......... .......... .......... .......... 85%  508K 13s
 48600K .......... .......... .......... .......... .......... 85% 2.12M 13s
 48650K .......... .......... .......... .......... .......... 85%  515K 13s
 48700K .......... .......... .......... .......... .......... 85%  565K 13s
 48750K .......... .......... .......... .......... .......... 85%  518K 13s
 48800K .......... .......... .......... .......... .......... 86%  533K 13s
 48850K .......... .......... .......... .......... .......... 86% 2.10M 13s
 48900K .......... .......... .......... .......... .......... 86%  535K 13s
 48950K .......... .......... .......... .......... .......... 86% 2.59M 12s
 49000K .......... .......... .......... .......... .......... 86%  531K 12s
 49050K .......... .......... .......... .......... .......... 86%  543K 12s
 49100K .......... .......... .......... .......... .......... 86%  639K 12s
 49150K .......... .......... .......... .......... .......... 86%  524K 12s
 49200K .......... .......... .......... .......... .......... 86% 1.81M 12s
 49250K .......... .......... .......... .......... .......... 86%  573K 12s
 49300K .......... .......... .......... .......... .......... 86%  532K 12s
 49350K .......... .......... .......... .......... .......... 86% 2.07M 12s
 49400K .......... .......... .......... .......... .......... 87%  552K 12s
 49450K .......... .......... .......... .......... .......... 87%  524K 12s
 49500K .......... .......... .......... .......... .......... 87% 1.76M 12s
 49550K .......... .......... .......... .......... .......... 87%  525K 12s
 49600K .......... .......... .......... .......... .......... 87%  653K 11s
 49650K .......... .......... .......... .......... .......... 87% 1.32M 11s
 49700K .......... .......... .......... .......... .......... 87%  505K 11s
 49750K .......... .......... .......... .......... .......... 87%  639K 11s
 49800K .......... .......... .......... .......... .......... 87% 1.44M 11s
 49850K .......... .......... .......... .......... .......... 87%  577K 11s
 49900K .......... .......... .......... .......... .......... 87%  595K 11s
 49950K .......... .......... .......... .......... .......... 88% 1.26M 11s
 50000K .......... .......... .......... .......... .......... 88% 61.7K 11s
 50050K .......... .......... .......... .......... .......... 88%  195M 11s
 50100K .......... .......... .......... .......... .......... 88%  138M 11s
 50150K .......... .......... .......... .......... .......... 88%  146M 11s
 50200K .......... .......... .......... .......... .......... 88%  124M 11s
 50250K .......... .......... .......... .......... .......... 88%  152M 10s
 50300K .......... .......... .......... .......... .......... 88%  125K 10s
 50350K .......... .......... .......... .......... .......... 88%  220K 10s
 50400K .......... .......... .......... .......... .......... 88%  459K 10s
 50450K .......... .......... .......... .......... .......... 88%  452K 10s
 50500K .......... .......... .......... .......... .......... 89%  257K 10s
 50550K .......... .......... .......... .......... .......... 89%  447K 10s
 50600K .......... .......... .......... .......... .......... 89%  444K 10s
 50650K .......... .......... .......... .......... .......... 89%  302K 10s
 50700K .......... .......... .......... .......... .......... 89%  369K 10s
 50750K .......... .......... .......... .......... .......... 89%  393K 10s
 50800K .......... .......... .......... .......... .......... 89%  473K 10s
 50850K .......... .......... .......... .......... .......... 89%  338K 10s
 50900K .......... .......... .......... .......... .......... 89%  421K 9s
 50950K .......... .......... .......... .......... .......... 89%  440K 9s
 51000K .......... .......... .......... .......... .......... 89%  301K 9s
 51050K .......... .......... .......... .......... .......... 89%  449K 9s
 51100K .......... .......... .......... .......... .......... 90% 65.4K 9s
 51150K .......... .......... .......... .......... .......... 90%  172M 9s
 51200K .......... .......... .......... .......... .......... 90%  133M 9s
 51250K .......... .......... .......... .......... .......... 90%  126K 9s
 51300K .......... .......... .......... .......... .......... 90%  247K 9s
 51350K .......... .......... .......... .......... .......... 90%  450K 9s
 51400K .......... .......... .......... .......... .......... 90%  256K 9s
 51450K .......... .......... .......... .......... .......... 90%  249K 9s
 51500K .......... .......... .......... .......... .......... 90%  254K 9s
 51550K .......... .......... .......... .......... .......... 90%  367K 9s
 51600K .......... .......... .......... .......... .......... 90%  458K 9s
 51650K .......... .......... .......... .......... .......... 91%  262K 8s
 51700K .......... .......... .......... .......... .......... 91%  449K 8s
 51750K .......... .......... .......... .......... .......... 91%  275K 8s
 51800K .......... .......... .......... .......... .......... 91%  282K 8s
 51850K .......... .......... .......... .......... .......... 91%  256K 8s
 51900K .......... .......... .......... .......... .......... 91%  429K 8s
 51950K .......... .......... .......... .......... .......... 91%  271K 8s
 52000K .......... .......... .......... .......... .......... 91%  430K 8s
 52050K .......... .......... .......... .......... .......... 91%  251K 8s
 52100K .......... .......... .......... .......... .......... 91%  462K 8s
 52150K .......... .......... .......... .......... .......... 91%  258K 8s
 52200K .......... .......... .......... .......... .......... 92%  480K 8s
 52250K .......... .......... .......... .......... .......... 92%  467K 8s
 52300K .......... .......... .......... .......... .......... 92%  430K 7s
 52350K .......... .......... .......... .......... .......... 92%  481K 7s
 52400K .......... .......... .......... .......... .......... 92%  264K 7s
 52450K .......... .......... .......... .......... .......... 92%  418K 7s
 52500K .......... .......... .......... .......... .......... 92%  526K 7s
 52550K .......... .......... .......... .......... .......... 92%  518K 7s
 52600K .......... .......... .......... .......... .......... 92%  931K 7s
 52650K .......... .......... .......... .......... .......... 92%  411K 7s
 52700K .......... .......... .......... .......... .......... 92%  695K 7s
 52750K .......... .......... .......... .......... .......... 92%  543K 7s
 52800K .......... .......... .......... .......... .......... 93%  518K 7s
 52850K .......... .......... .......... .......... .......... 93% 1.37M 7s
 52900K .......... .......... .......... .......... .......... 93%  613K 6s
 52950K .......... .......... .......... .......... .......... 93%  527K 6s
 53000K .......... .......... .......... .......... .......... 93% 1.00M 6s
 53050K .......... .......... .......... .......... .......... 93%  616K 6s
 53100K .......... .......... .......... .......... .......... 93%  514K 6s
 53150K .......... .......... .......... .......... .......... 93% 1.72M 6s
 53200K .......... .......... .......... .......... .......... 93%  546K 6s
 53250K .......... .......... .......... .......... .......... 93% 1.77M 6s
 53300K .......... .......... .......... .......... .......... 93%  507K 6s
 53350K .......... .......... .......... .......... .......... 94%  703K 6s
 53400K .......... .......... .......... .......... .......... 94% 1.31M 6s
 53450K .......... .......... .......... .......... .......... 94%  711K 5s
 53500K .......... .......... .......... .......... .......... 94%  688K 5s
 53550K .......... .......... .......... .......... .......... 94% 1015K 5s
 53600K .......... .......... .......... .......... .......... 94%  719K 5s
 53650K .......... .......... .......... .......... .......... 94% 1.54M 5s
 53700K .......... .......... .......... .......... .......... 94%  669K 5s
 53750K .......... .......... .......... .......... .......... 94% 1.93M 5s
 53800K .......... .......... .......... .......... .......... 94%  497K 5s
 53850K .......... .......... .......... .......... .......... 94% 2.75M 5s
 53900K .......... .......... .......... .......... .......... 95%  467K 5s
 53950K .......... .......... .......... .......... .......... 95% 2.46M 5s
 54000K .......... .......... .......... .......... .......... 95% 51.5K 5s
 54050K .......... .......... .......... .......... .......... 95%  144M 5s
 54100K .......... .......... .......... .......... .......... 95%  149M 4s
 54150K .......... .......... .......... .......... .......... 95%  171M 4s
 54200K .......... .......... .......... .......... .......... 95%  122M 4s
 54250K .......... .......... .......... .......... .......... 95%  247K 4s
 54300K .......... .......... .......... .......... .......... 95%  162K 4s
 54350K .......... .......... .......... .......... .......... 95%  447K 4s
 54400K .......... .......... .......... .......... .......... 95%  510K 4s
 54450K .......... .......... .......... .......... .......... 95%  533K 4s
 54500K .......... .......... .......... .......... .......... 96%  508K 4s
 54550K .......... .......... .......... .......... .......... 96% 1.93M 4s
 54600K .......... .......... .......... .......... .......... 96%  549K 4s
 54650K .......... .......... .......... .......... .......... 96%  575K 4s
 54700K .......... .......... .......... .......... .......... 96%  562K 3s
 54750K .......... .......... .......... .......... .......... 96% 1.73M 3s
 54800K .......... .......... .......... .......... .......... 96%  554K 3s
 54850K .......... .......... .......... .......... .......... 96% 2.07M 3s
 54900K .......... .......... .......... .......... .......... 96%  562K 3s
 54950K .......... .......... .......... .......... .......... 96% 1.32M 3s
 55000K .......... .......... .......... .......... .......... 96%  575K 3s
 55050K .......... .......... .......... .......... .......... 97% 1.60M 3s
 55100K .......... .......... .......... .......... .......... 97%  596K 3s
 55150K .......... .......... .......... .......... .......... 97%  677K 3s
 55200K .......... .......... .......... .......... .......... 97%  501K 3s
 55250K .......... .......... .......... .......... .......... 97% 1.69M 2s
 55300K .......... .......... .......... .......... .......... 97%  588K 2s
 55350K .......... .......... .......... .......... .......... 97%  571K 2s
 55400K .......... .......... .......... .......... .......... 97% 1.75M 2s
 55450K .......... .......... .......... .......... .......... 97%  492K 2s
 55500K .......... .......... .......... .......... .......... 97%  767K 2s
 55550K .......... .......... .......... .......... .......... 97% 1.24M 2s
 55600K .......... .......... .......... .......... .......... 98%  599K 2s
 55650K .......... .......... .......... .......... .......... 98% 2.09M 2s
 55700K .......... .......... .......... .......... .......... 98%  520K 2s
 55750K .......... .......... .......... .......... .......... 98%  657K 2s
 55800K .......... .......... .......... .......... .......... 98%  845K 2s
 55850K .......... .......... .......... .......... .......... 98%  889K 1s
 55900K .......... .......... .......... .......... .......... 98%  856K 1s
 55950K .......... .......... .......... .......... .......... 98%  973K 1s
 56000K .......... .......... .......... .......... .......... 98%  562K 1s
 56050K .......... .......... .......... .......... .......... 98% 1.11M 1s
 56100K .......... .......... .......... .......... .......... 98%  513K 1s
 56150K .......... .......... .......... .......... .......... 98% 2.09M 1s
 56200K .......... .......... .......... .......... .......... 99%  549K 1s
 56250K .......... .......... .......... .......... .......... 99%  818K 1s
 56300K .......... .......... .......... .......... .......... 99% 1.05M 1s
 56350K .......... .......... .......... .......... .......... 99%  884K 1s
 56400K .......... .......... .......... .......... .......... 99% 1.03M 1s
 56450K .......... .......... .......... .......... .......... 99%  577K 0s
 56500K .......... .......... .......... .......... .......... 99% 2.11M 0s
 56550K .......... .......... .......... .......... .......... 99%  621K 0s
 56600K .......... .......... .......... .......... .......... 99%  496K 0s
 56650K .......... .......... .......... .......... .......... 99% 4.08M 0s
 56700K .......... .......... .......... .......... .......... 99%  537K 0s
 56750K .......... .......... .......... ...                  100% 4.04M=95s

2016-05-16 15:30:29 (599 KB/s) - '/Users/satoshi/Desktop/fc/Boost-for-Android-SRC/boost_1_55_0.tar.bz2' saved [58146647/58146647]

Applying boost-1_55_0.patch into /Users/satoshi/Desktop/fc/Boost-for-Android-SRC/boost_1_55_0/.
ERROR: Failed to build boost for android!
Done!
